2026-05-03 15:48:56,759 [INFO] ============================================================
2026-05-03 15:48:56,759 [INFO] Qt 部署客户端启动
2026-05-03 15:48:56,759 [INFO] 平台: windows
2026-05-03 15:48:56,759 [INFO] 客户端ID: 1b90cad5bf25
2026-05-03 15:48:56,759 [INFO] 本机IP: 192.168.3.18
2026-05-03 15:48:56,759 [INFO] 主机名: DESKTOP-DFRT1AI
2026-05-03 15:48:56,759 [INFO] 服务端: http://127.0.0.1:5000
2026-05-03 15:48:56,759 [INFO] 安装路径: C:\QtProgram
2026-05-03 15:48:56,759 [INFO] 备份路径: C:\QtDeploy\backup
2026-05-03 15:48:56,760 [INFO] 可执行文件: myqtapp.exe
2026-05-03 15:48:56,760 [INFO] ============================================================
2026-05-03 15:48:56,856 [INFO] 开始轮询任务，间隔 10 秒
2026-05-03 16:00:49,595 [ERROR] 连接失败: /api/poll/1b90cad5bf25 - [WinError 10061] 由于目标计算机积极拒绝，无法连接。
2026-05-03 16:06:21,941 [ERROR] 连接失败: /api/poll/1b90cad5bf25 - [WinError 10061] 由于目标计算机积极拒绝，无法连接。
2026-05-03 16:06:41,956 [INFO] 收到部署任务: fbb9fe4f9445
2026-05-03 16:06:41,958 [INFO] 开始部署任务 fbb9fe4f9445, 版本 v20260503_160204
2026-05-03 16:06:41,959 [INFO] [尝试 1/3] 下载安装包...
2026-05-03 16:06:41,960 [INFO] 下载: /api/download/windows/v20260503_160204/testAppExe.zip -> E:\AI\cursor\appdeploy\tmp\testAppExe.zip
2026-05-03 16:06:42,020 [INFO] 下载进度: 5.1%
2026-05-03 16:06:42,022 [INFO] 下载进度: 10.2%
2026-05-03 16:06:42,023 [INFO] 下载进度: 15.4%
2026-05-03 16:06:42,025 [INFO] 下载进度: 20.5%
2026-05-03 16:06:42,026 [INFO] 下载进度: 25.6%
2026-05-03 16:06:42,028 [INFO] 下载进度: 30.7%
2026-05-03 16:06:42,030 [INFO] 下载进度: 35.8%
2026-05-03 16:06:42,033 [INFO] 下载进度: 41.0%
2026-05-03 16:06:42,035 [INFO] 下载进度: 46.1%
2026-05-03 16:06:42,038 [INFO] 下载进度: 51.2%
2026-05-03 16:06:42,040 [INFO] 下载进度: 56.3%
2026-05-03 16:06:42,042 [INFO] 下载进度: 61.5%
2026-05-03 16:06:42,044 [INFO] 下载进度: 66.6%
2026-05-03 16:06:42,045 [INFO] 下载进度: 71.7%
2026-05-03 16:06:42,047 [INFO] 下载进度: 76.8%
2026-05-03 16:06:42,049 [INFO] 下载进度: 81.9%
2026-05-03 16:06:42,052 [INFO] 下载进度: 87.1%
2026-05-03 16:06:42,055 [INFO] 下载进度: 92.2%
2026-05-03 16:06:42,057 [INFO] 下载进度: 97.3%
2026-05-03 16:06:42,057 [INFO] MD5 校验通过: f76b36c5b20d36b4e8006a3fefd53382
2026-05-03 16:06:42,058 [INFO] 下载完成: E:\AI\cursor\appdeploy\tmp\testAppExe.zip (20475186 bytes)
2026-05-03 16:06:42,058 [INFO] 停止旧进程...
2026-05-03 16:06:42,058 [INFO] 正在停止 Qt 程序: myqtapp.exe
2026-05-03 16:06:42,130 [INFO] 已发送停止命令
2026-05-03 16:06:44,131 [INFO] 备份当前版本...
2026-05-03 16:06:44,132 [INFO] 备份完成: C:\QtDeploy\backup\20260503_160644
2026-05-03 16:06:44,132 [INFO] 解压新版本...
2026-05-03 16:06:44,132 [INFO] 解压: E:\AI\cursor\appdeploy\tmp\testAppExe.zip -> C:\QtProgram
2026-05-03 16:06:44,435 [INFO] 解压完成
2026-05-03 16:06:44,436 [INFO] 启动新版本...
2026-05-03 16:06:44,436 [ERROR] 可执行文件不存在: C:\QtProgram\myqtapp.exe
2026-05-03 16:06:44,436 [INFO] 启动失败（部署本身已完成）
2026-05-03 16:06:44,436 [INFO] 部署成功！版本: v20260503_160204
2026-05-03 16:06:44,452 [INFO] 结果已上报: fbb9fe4f9445 -> success
2026-05-03 19:04:32,345 [WARNING] 心跳失败: [WinError 10054] 远程主机强迫关闭了一个现有的连接。
2026-05-03 19:05:18,412 [INFO] 收到部署任务: 0c251f31e411
2026-05-03 19:05:18,413 [INFO] 开始部署任务 0c251f31e411, 版本 v20260503_185425
2026-05-03 19:05:18,419 [INFO] [尝试 1/3] 下载安装包...
2026-05-03 19:05:18,419 [INFO] 下载: /api/download/windows/v20260503_185425/testAppExe.zip -> E:\AI\cursor\appdeploy\tmp\testAppExe.zip
2026-05-03 19:05:18,471 [INFO] 下载进度: 5.1%
2026-05-03 19:05:18,484 [INFO] 下载进度: 10.2%
2026-05-03 19:05:18,497 [INFO] 下载进度: 15.4%
2026-05-03 19:05:18,505 [INFO] 下载进度: 20.5%
2026-05-03 19:05:18,515 [INFO] 下载进度: 25.6%
2026-05-03 19:05:18,530 [INFO] 下载进度: 30.7%
2026-05-03 19:05:18,535 [INFO] 下载进度: 35.8%
2026-05-03 19:05:18,544 [INFO] 下载进度: 41.0%
2026-05-03 19:05:18,553 [INFO] 下载进度: 46.1%
2026-05-03 19:05:18,558 [INFO] 下载进度: 51.2%
2026-05-03 19:05:18,563 [INFO] 下载进度: 56.3%
2026-05-03 19:05:18,566 [INFO] 下载进度: 61.5%
2026-05-03 19:05:18,568 [INFO] 下载进度: 66.6%
2026-05-03 19:05:18,572 [INFO] 下载进度: 71.7%
2026-05-03 19:05:18,576 [INFO] 下载进度: 76.8%
2026-05-03 19:05:18,582 [INFO] 下载进度: 81.9%
2026-05-03 19:05:18,593 [INFO] 下载进度: 87.1%
2026-05-03 19:05:18,595 [INFO] 下载进度: 92.2%
2026-05-03 19:05:18,597 [INFO] 下载进度: 97.3%
2026-05-03 19:05:18,599 [INFO] MD5 校验通过: f76b36c5b20d36b4e8006a3fefd53382
2026-05-03 19:05:18,599 [INFO] 下载完成: E:\AI\cursor\appdeploy\tmp\testAppExe.zip (20475186 bytes)
2026-05-03 19:05:18,599 [INFO] 停止旧进程...
2026-05-03 19:05:18,599 [INFO] 正在停止 Qt 程序: myqtapp.exe
2026-05-03 19:05:18,715 [INFO] 已发送停止命令
2026-05-03 19:05:20,717 [INFO] 备份当前版本...
2026-05-03 19:05:20,717 [INFO] 安装目录不存在，跳过备份
2026-05-03 19:05:20,717 [INFO] 解压新版本...
2026-05-03 19:05:20,717 [INFO] 解压: E:\AI\cursor\appdeploy\tmp\testAppExe.zip -> C:\QtProgram
2026-05-03 19:05:21,085 [INFO] 解压完成
2026-05-03 19:05:21,086 [INFO] 启动新版本...
2026-05-03 19:05:21,086 [ERROR] 可执行文件不存在: C:\QtProgram\myqtapp.exe
2026-05-03 19:05:21,086 [INFO] 启动失败（部署本身已完成）
2026-05-03 19:05:21,086 [INFO] 部署成功！版本: v20260503_185425
2026-05-03 19:05:21,094 [INFO] 结果已上报: 0c251f31e411 -> success
2026-05-03 19:07:31,846 [INFO] 客户端已停止
2026-05-03 19:07:34,227 [INFO] ============================================================
2026-05-03 19:07:34,227 [INFO] Qt 部署客户端启动
2026-05-03 19:07:34,228 [INFO] 平台: windows
2026-05-03 19:07:34,228 [INFO] 客户端ID: 1b90cad5bf25
2026-05-03 19:07:34,228 [INFO] 本机IP: 192.168.3.18
2026-05-03 19:07:34,228 [INFO] 主机名: DESKTOP-DFRT1AI
2026-05-03 19:07:34,228 [INFO] 服务端: http://127.0.0.1:5000
2026-05-03 19:07:34,228 [INFO] 安装路径: C:\QtProgram
2026-05-03 19:07:34,228 [INFO] 备份路径: C:\QtDeploy\backup
2026-05-03 19:07:34,228 [INFO] 可执行文件: myqtapp.exe
2026-05-03 19:07:34,228 [INFO] ============================================================
2026-05-03 19:07:34,327 [INFO] 开始轮询任务，间隔 10 秒
2026-05-03 19:15:27,899 [INFO] 客户端已停止
2026-05-03 19:15:28,679 [INFO] ============================================================
2026-05-03 19:15:28,679 [INFO] Qt 部署客户端启动
2026-05-03 19:15:28,679 [INFO] 平台: windows
2026-05-03 19:15:28,679 [INFO] 客户端ID: 1b90cad5bf25
2026-05-03 19:15:28,679 [INFO] 本机IP: 192.168.3.18
2026-05-03 19:15:28,680 [INFO] 主机名: DESKTOP-DFRT1AI
2026-05-03 19:15:28,680 [INFO] 服务端: http://127.0.0.1:5000
2026-05-03 19:15:28,680 [INFO] 安装路径: C:\QtProgram
2026-05-03 19:15:28,680 [INFO] 备份路径: C:\QtDeploy\backup
2026-05-03 19:15:28,680 [INFO] 可执行文件: myqtapp.exe
2026-05-03 19:15:28,680 [INFO] ============================================================
2026-05-03 19:15:28,770 [INFO] 开始轮询任务，间隔 10 秒
2026-05-03 19:15:48,789 [INFO] 收到部署任务: d65ec5d4bfa7
2026-05-03 19:15:48,789 [INFO] 开始部署任务 d65ec5d4bfa7, 版本 v20260503_185425
2026-05-03 19:15:48,789 [INFO] [尝试 1/3] 下载安装包...
2026-05-03 19:15:48,789 [INFO] 下载: /api/download/windows/v20260503_185425/testAppExe.zip -> E:\AI\cursor\appdeploy\tmp\testAppExe.zip
2026-05-03 19:15:48,826 [INFO] 下载进度: 5.1%
2026-05-03 19:15:48,828 [INFO] 下载进度: 10.2%
2026-05-03 19:15:48,829 [INFO] 下载进度: 15.4%
2026-05-03 19:15:48,831 [INFO] 下载进度: 20.5%
2026-05-03 19:15:48,832 [INFO] 下载进度: 25.6%
2026-05-03 19:15:48,835 [INFO] 下载进度: 30.7%
2026-05-03 19:15:48,836 [INFO] 下载进度: 35.8%
2026-05-03 19:15:48,838 [INFO] 下载进度: 41.0%
2026-05-03 19:15:48,839 [INFO] 下载进度: 46.1%
2026-05-03 19:15:48,842 [INFO] 下载进度: 51.2%
2026-05-03 19:15:48,843 [INFO] 下载进度: 56.3%
2026-05-03 19:15:48,845 [INFO] 下载进度: 61.5%
2026-05-03 19:15:48,847 [INFO] 下载进度: 66.6%
2026-05-03 19:15:48,848 [INFO] 下载进度: 71.7%
2026-05-03 19:15:48,851 [INFO] 下载进度: 76.8%
2026-05-03 19:15:48,852 [INFO] 下载进度: 81.9%
2026-05-03 19:15:48,853 [INFO] 下载进度: 87.1%
2026-05-03 19:15:48,856 [INFO] 下载进度: 92.2%
2026-05-03 19:15:48,857 [INFO] 下载进度: 97.3%
2026-05-03 19:15:48,858 [INFO] MD5 校验通过: f76b36c5b20d36b4e8006a3fefd53382
2026-05-03 19:15:48,858 [INFO] 下载完成: E:\AI\cursor\appdeploy\tmp\testAppExe.zip (20475186 bytes)
2026-05-03 19:15:48,858 [INFO] 停止旧进程...
2026-05-03 19:15:48,858 [INFO] 正在停止 Qt 程序: myqtapp.exe
2026-05-03 19:15:49,066 [INFO] 已发送停止命令
2026-05-03 19:15:51,066 [INFO] 备份当前版本...
2026-05-03 19:15:51,099 [INFO] 备份完成: C:\QtDeploy\backup\20260503_191551
2026-05-03 19:15:51,099 [INFO] 解压新版本...
2026-05-03 19:15:51,099 [INFO] 解压: E:\AI\cursor\appdeploy\tmp\testAppExe.zip -> C:\QtProgram
2026-05-03 19:15:51,339 [INFO] 解压完成
2026-05-03 19:15:51,340 [INFO] 启动新版本...
2026-05-03 19:15:51,340 [ERROR] 可执行文件不存在: C:\QtProgram\myqtapp.exe
2026-05-03 19:15:51,340 [INFO] 启动失败（部署本身已完成）
2026-05-03 19:15:51,340 [INFO] 部署成功！版本: v20260503_185425
2026-05-03 19:15:51,349 [INFO] 结果已上报: d65ec5d4bfa7 -> success
2026-05-03 19:31:42,327 [INFO] 客户端已停止
2026-05-03 19:31:43,384 [INFO] ============================================================
2026-05-03 19:31:43,385 [INFO] Qt 部署客户端启动
2026-05-03 19:31:43,385 [INFO] 平台: windows
2026-05-03 19:31:43,385 [INFO] 客户端ID: 1b90cad5bf25
2026-05-03 19:31:43,385 [INFO] 本机IP: 192.168.3.18
2026-05-03 19:31:43,385 [INFO] 主机名: DESKTOP-DFRT1AI
2026-05-03 19:31:43,385 [INFO] 服务端: http://127.0.0.1:5000
2026-05-03 19:31:43,385 [INFO] 安装路径: C:\QtProgram
2026-05-03 19:31:43,385 [INFO] 备份路径: C:\QtDeploy\backup
2026-05-03 19:31:43,385 [INFO] 可执行文件: myqtapp.exe
2026-05-03 19:31:43,385 [INFO] ============================================================
2026-05-03 19:31:45,471 [ERROR] 连接失败: /api/heartbeat - [WinError 10061] 由于目标计算机积极拒绝，无法连接。
2026-05-03 19:31:45,471 [WARNING] 心跳失败: <urlopen error [WinError 10061] 由于目标计算机积极拒绝，无法连接。>
2026-05-03 19:31:45,474 [ERROR] 连接失败: /api/heartbeat - [WinError 10061] 由于目标计算机积极拒绝，无法连接。
2026-05-03 19:31:45,474 [WARNING] 心跳失败: <urlopen error [WinError 10061] 由于目标计算机积极拒绝，无法连接。>
2026-05-03 19:31:45,474 [INFO] 开始轮询任务，间隔 10 秒
2026-05-03 19:39:52,216 [INFO] 客户端已停止
2026-05-03 19:56:05,269 [INFO] =======================================================
2026-05-03 19:56:05,269 [INFO] Qt 部署客户端启动
2026-05-03 19:56:05,269 [INFO] 平台: windows
2026-05-03 19:56:05,269 [INFO] 客户端ID: 1b90cad5bf25
2026-05-03 19:56:05,269 [INFO] 本机IP: 192.168.3.18
2026-05-03 19:56:05,269 [INFO] 主机名: DESKTOP-DFRT1AI
2026-05-03 19:56:05,269 [INFO] 服务端: http://192.168.1.100:18080
2026-05-03 19:56:05,270 [INFO] 安装路径: C:\QtProgram
2026-05-03 19:56:05,270 [INFO] 管理应用: 主程序, 辅助工具
2026-05-03 19:56:05,270 [INFO] =======================================================
2026-05-03 19:56:26,379 [ERROR] 连接失败: /api/heartbeat - [WinError 10060] 由于连接方在一段时间后没有正确答复或连接的主机没有反应，连接尝试失败。
2026-05-03 19:56:26,380 [WARNING] 心跳失败: <urlopen error [WinError 10060] 由于连接方在一段时间后没有正确答复或连接的主机没有反应，连接尝试失败。>
2026-05-03 19:56:26,391 [ERROR] 连接失败: /api/heartbeat - [WinError 10060] 由于连接方在一段时间后没有正确答复或连接的主机没有反应，连接尝试失败。
2026-05-03 19:56:26,391 [WARNING] 心跳失败: <urlopen error [WinError 10060] 由于连接方在一段时间后没有正确答复或连接的主机没有反应，连接尝试失败。>
2026-05-03 19:56:26,392 [INFO] 开始轮询任务，间隔 10 秒
2026-05-03 19:56:41,392 [ERROR] 连接失败: /api/poll/1b90cad5bf25 - timed out
2026-05-03 19:57:06,394 [ERROR] 连接失败: /api/poll/1b90cad5bf25 - timed out
2026-05-03 19:57:17,383 [ERROR] 连接失败: /api/heartbeat - [WinError 10060] 由于连接方在一段时间后没有正确答复或连接的主机没有反应，连接尝试失败。
2026-05-03 19:57:17,383 [WARNING] 心跳失败: <urlopen error [WinError 10060] 由于连接方在一段时间后没有正确答复或连接的主机没有反应，连接尝试失败。>
2026-05-03 19:57:31,395 [ERROR] 连接失败: /api/poll/1b90cad5bf25 - timed out
2026-05-03 19:57:33,892 [INFO] 客户端已停止
2026-05-03 19:57:35,036 [INFO] =======================================================
2026-05-03 19:57:35,036 [INFO] Qt 部署客户端启动
2026-05-03 19:57:35,036 [INFO] 平台: windows
2026-05-03 19:57:35,036 [INFO] 客户端ID: 1b90cad5bf25
2026-05-03 19:57:35,037 [INFO] 本机IP: 192.168.3.18
2026-05-03 19:57:35,037 [INFO] 主机名: DESKTOP-DFRT1AI
2026-05-03 19:57:35,037 [INFO] 服务端: http://192.168.1.100:18080
2026-05-03 19:57:35,037 [INFO] 安装路径: C:\QtProgram
2026-05-03 19:57:35,037 [INFO] 管理应用: 主程序, 辅助工具
2026-05-03 19:57:35,037 [INFO] =======================================================
2026-05-03 19:57:56,127 [ERROR] 连接失败: /api/heartbeat - [WinError 10060] 由于连接方在一段时间后没有正确答复或连接的主机没有反应，连接尝试失败。
2026-05-03 19:57:56,127 [WARNING] 心跳失败: <urlopen error [WinError 10060] 由于连接方在一段时间后没有正确答复或连接的主机没有反应，连接尝试失败。>
2026-05-03 19:57:56,127 [INFO] 开始轮询任务，间隔 10 秒
2026-05-03 19:57:56,128 [ERROR] 连接失败: /api/heartbeat - [WinError 10060] 由于连接方在一段时间后没有正确答复或连接的主机没有反应，连接尝试失败。
2026-05-03 19:57:56,128 [WARNING] 心跳失败: <urlopen error [WinError 10060] 由于连接方在一段时间后没有正确答复或连接的主机没有反应，连接尝试失败。>
2026-05-03 19:58:11,127 [ERROR] 连接失败: /api/poll/1b90cad5bf25 - timed out
2026-05-03 19:58:36,138 [ERROR] 连接失败: /api/poll/1b90cad5bf25 - timed out
2026-05-03 19:58:47,133 [ERROR] 连接失败: /api/heartbeat - [WinError 10060] 由于连接方在一段时间后没有正确答复或连接的主机没有反应，连接尝试失败。
2026-05-03 19:58:47,133 [WARNING] 心跳失败: <urlopen error [WinError 10060] 由于连接方在一段时间后没有正确答复或连接的主机没有反应，连接尝试失败。>
2026-05-03 19:59:01,142 [ERROR] 连接失败: /api/poll/1b90cad5bf25 - timed out
2026-05-03 19:59:26,143 [ERROR] 连接失败: /api/poll/1b90cad5bf25 - timed out
2026-05-03 19:59:38,135 [ERROR] 连接失败: /api/heartbeat - [WinError 10060] 由于连接方在一段时间后没有正确答复或连接的主机没有反应，连接尝试失败。
2026-05-03 19:59:38,135 [WARNING] 心跳失败: <urlopen error [WinError 10060] 由于连接方在一段时间后没有正确答复或连接的主机没有反应，连接尝试失败。>
2026-05-03 19:59:51,145 [ERROR] 连接失败: /api/poll/1b90cad5bf25 - timed out
2026-05-03 20:00:16,145 [ERROR] 连接失败: /api/poll/1b90cad5bf25 - timed out
2026-05-03 20:00:29,140 [ERROR] 连接失败: /api/heartbeat - [WinError 10060] 由于连接方在一段时间后没有正确答复或连接的主机没有反应，连接尝试失败。
2026-05-03 20:00:29,140 [WARNING] 心跳失败: <urlopen error [WinError 10060] 由于连接方在一段时间后没有正确答复或连接的主机没有反应，连接尝试失败。>
2026-05-03 20:00:41,146 [ERROR] 连接失败: /api/poll/1b90cad5bf25 - timed out
2026-05-03 20:01:06,150 [ERROR] 连接失败: /api/poll/1b90cad5bf25 - timed out
2026-05-03 20:01:20,143 [ERROR] 连接失败: /api/heartbeat - [WinError 10060] 由于连接方在一段时间后没有正确答复或连接的主机没有反应，连接尝试失败。
2026-05-03 20:01:20,143 [WARNING] 心跳失败: <urlopen error [WinError 10060] 由于连接方在一段时间后没有正确答复或连接的主机没有反应，连接尝试失败。>
2026-05-03 20:01:31,151 [ERROR] 连接失败: /api/poll/1b90cad5bf25 - timed out
2026-05-03 20:01:56,153 [ERROR] 连接失败: /api/poll/1b90cad5bf25 - timed out
2026-05-03 20:02:11,146 [ERROR] 连接失败: /api/heartbeat - [WinError 10060] 由于连接方在一段时间后没有正确答复或连接的主机没有反应，连接尝试失败。
2026-05-03 20:02:11,146 [WARNING] 心跳失败: <urlopen error [WinError 10060] 由于连接方在一段时间后没有正确答复或连接的主机没有反应，连接尝试失败。>
2026-05-03 20:02:21,155 [INFO] 客户端已停止
2026-05-03 20:07:54,339 [INFO] =======================================================
2026-05-03 20:07:54,339 [INFO] Qt 部署客户端启动
2026-05-03 20:07:54,339 [INFO] 平台: windows
2026-05-03 20:07:54,339 [INFO] 客户端ID: 1b90cad5bf25
2026-05-03 20:07:54,340 [INFO] 本机IP: 192.168.3.18
2026-05-03 20:07:54,340 [INFO] 主机名: DESKTOP-DFRT1AI
2026-05-03 20:07:54,340 [INFO] 服务端: http://127.0.0.1:61234
2026-05-03 20:07:54,340 [INFO] 安装路径: C:\QtProgram
2026-05-03 20:07:54,340 [INFO] 管理应用: 主程序, 辅助工具
2026-05-03 20:07:54,340 [INFO] =======================================================
2026-05-03 20:07:54,340 [INFO] 正在测试服务端连接...
2026-05-03 20:07:54,395 [INFO] 服务端连接成功，版本包应用数: 2
2026-05-03 20:07:54,396 [INFO] 开始轮询任务，间隔 10 秒
2026-05-03 20:15:24,600 [INFO] 收到部署任务: e9609a4d1352
2026-05-03 20:15:24,600 [INFO] 开始部署任务 e9609a4d1352, 版本 v20260503_185425, 应用数: 2
2026-05-03 20:15:24,601 [INFO] [尝试 1/3] 下载安装包...
2026-05-03 20:15:24,601 [INFO] 下载: /api/download/windows/v20260503_185425/testAppExe.zip -> E:\AI\cursor\appdeploy\tmp\testAppExe.zip
2026-05-03 20:15:24,689 [INFO] 下载进度: 5.1%
2026-05-03 20:15:24,694 [INFO] 下载进度: 10.2%
2026-05-03 20:15:24,699 [INFO] 下载进度: 15.4%
2026-05-03 20:15:24,705 [INFO] 下载进度: 20.5%
2026-05-03 20:15:24,708 [INFO] 下载进度: 25.6%
2026-05-03 20:15:24,715 [INFO] 下载进度: 30.7%
2026-05-03 20:15:24,719 [INFO] 下载进度: 35.8%
2026-05-03 20:15:24,724 [INFO] 下载进度: 41.0%
2026-05-03 20:15:24,728 [INFO] 下载进度: 46.1%
2026-05-03 20:15:24,732 [INFO] 下载进度: 51.2%
2026-05-03 20:15:24,737 [INFO] 下载进度: 56.3%
2026-05-03 20:15:24,742 [INFO] 下载进度: 61.5%
2026-05-03 20:15:24,746 [INFO] 下载进度: 66.6%
2026-05-03 20:15:24,749 [INFO] 下载进度: 71.7%
2026-05-03 20:15:24,751 [INFO] 下载进度: 76.8%
2026-05-03 20:15:24,756 [INFO] 下载进度: 81.9%
2026-05-03 20:15:24,758 [INFO] 下载进度: 87.1%
2026-05-03 20:15:24,762 [INFO] 下载进度: 92.2%
2026-05-03 20:15:24,765 [INFO] 下载进度: 97.3%
2026-05-03 20:15:24,766 [INFO] MD5 校验通过: f76b36c5b20d36b4e8006a3fefd53382
2026-05-03 20:15:24,767 [INFO] 下载完成: E:\AI\cursor\appdeploy\tmp\testAppExe.zip (20475186 bytes)
2026-05-03 20:15:24,767 [INFO] 停止所有应用...
2026-05-03 20:15:24,767 [INFO] 停止应用 [主程序]: myqtapp.exe
2026-05-03 20:15:24,995 [INFO] 已发送停止命令: myqtapp.exe
2026-05-03 20:15:24,995 [INFO] 停止应用 [辅助工具]: helper.exe
2026-05-03 20:15:25,215 [INFO] 已发送停止命令: helper.exe
2026-05-03 20:15:27,216 [INFO] 解压新版本...
2026-05-03 20:15:27,216 [INFO] 解压: E:\AI\cursor\appdeploy\tmp\testAppExe.zip -> C:\QtProgram
2026-05-03 20:15:27,583 [INFO] 解压完成
2026-05-03 20:15:27,584 [INFO] 启动所有应用...
2026-05-03 20:15:27,584 [WARNING] 可执行文件不存在，跳过: C:\QtProgram\myqtapp.exe
2026-05-03 20:15:27,584 [WARNING] 可执行文件不存在，跳过: C:\QtProgram\helper.exe
2026-05-03 20:15:27,584 [INFO] 部署成功！版本: v20260503_185425
2026-05-03 20:15:27,593 [INFO] 结果已上报: e9609a4d1352 -> success
2026-05-03 20:43:55,288 [INFO] 收到部署任务: 501232da0448
2026-05-03 20:43:55,289 [INFO] 开始部署任务 501232da0448, 版本 v20260503_204336, 应用数: 2
2026-05-03 20:43:55,289 [INFO] [尝试 1/3] 下载安装包...
2026-05-03 20:43:55,289 [INFO] 下载: /api/download/windows/v20260503_204336/testAppExe.zip -> E:\AI\cursor\appdeploy\tmp\testAppExe.zip
2026-05-03 20:43:55,294 [INFO] 下载进度: 5.1%
2026-05-03 20:43:55,298 [INFO] 下载进度: 10.2%
2026-05-03 20:43:55,302 [INFO] 下载进度: 15.4%
2026-05-03 20:43:55,306 [INFO] 下载进度: 20.5%
2026-05-03 20:43:55,309 [INFO] 下载进度: 25.6%
2026-05-03 20:43:55,311 [INFO] 下载进度: 30.7%
2026-05-03 20:43:55,316 [INFO] 下载进度: 35.8%
2026-05-03 20:43:55,319 [INFO] 下载进度: 41.0%
2026-05-03 20:43:55,322 [INFO] 下载进度: 46.1%
2026-05-03 20:43:55,324 [INFO] 下载进度: 51.2%
2026-05-03 20:43:55,328 [INFO] 下载进度: 56.3%
2026-05-03 20:43:55,332 [INFO] 下载进度: 61.5%
2026-05-03 20:43:55,334 [INFO] 下载进度: 66.6%
2026-05-03 20:43:55,338 [INFO] 下载进度: 71.7%
2026-05-03 20:43:55,342 [INFO] 下载进度: 76.8%
2026-05-03 20:43:55,346 [INFO] 下载进度: 81.9%
2026-05-03 20:43:55,350 [INFO] 下载进度: 87.1%
2026-05-03 20:43:55,352 [INFO] 下载进度: 92.2%
2026-05-03 20:43:55,357 [INFO] 下载进度: 97.3%
2026-05-03 20:43:55,358 [INFO] MD5 校验通过: e7189240dd7554ea3b6cfc65c7595b6e
2026-05-03 20:43:55,358 [INFO] 下载完成: E:\AI\cursor\appdeploy\tmp\testAppExe.zip (20475422 bytes)
2026-05-03 20:43:55,359 [INFO] 停止所有应用...
2026-05-03 20:43:55,359 [INFO] 停止应用 [主程序]: myqtapp.exe
2026-05-03 20:43:55,602 [INFO] 已发送停止命令: myqtapp.exe
2026-05-03 20:43:55,602 [INFO] 停止应用 [辅助工具]: helper.exe
2026-05-03 20:43:55,827 [INFO] 已发送停止命令: helper.exe
2026-05-03 20:43:57,828 [INFO] 解压新版本...
2026-05-03 20:43:57,828 [INFO] 解压: E:\AI\cursor\appdeploy\tmp\testAppExe.zip -> C:\QtProgram
2026-05-03 20:43:58,103 [INFO] 解压完成
2026-05-03 20:43:58,104 [INFO] 启动所有应用...
2026-05-03 20:43:58,104 [WARNING] 可执行文件不存在，跳过: C:\QtProgram\myqtapp.exe
2026-05-03 20:43:58,104 [WARNING] 可执行文件不存在，跳过: C:\QtProgram\helper.exe
2026-05-03 20:43:58,104 [INFO] 部署成功！版本: v20260503_204336
2026-05-03 20:43:58,115 [INFO] 结果已上报: 501232da0448 -> success
2026-05-03 20:45:55,335 [INFO] 收到部署任务: 06a5829cb583
2026-05-03 20:45:55,335 [INFO] 开始部署任务 06a5829cb583, 版本 v20260503_204543, 应用数: 2
2026-05-03 20:45:55,336 [INFO] [尝试 1/3] 下载安装包...
2026-05-03 20:45:55,336 [INFO] 下载: /api/download/windows/v20260503_204543/testAppExe.zip -> E:\AI\cursor\appdeploy\tmp\testAppExe.zip
2026-05-03 20:45:55,343 [INFO] 下载进度: 5.1%
2026-05-03 20:45:55,347 [INFO] 下载进度: 10.2%
2026-05-03 20:45:55,349 [INFO] 下载进度: 15.4%
2026-05-03 20:45:55,354 [INFO] 下载进度: 20.5%
2026-05-03 20:45:55,358 [INFO] 下载进度: 25.6%
2026-05-03 20:45:55,361 [INFO] 下载进度: 30.7%
2026-05-03 20:45:55,366 [INFO] 下载进度: 35.8%
2026-05-03 20:45:55,368 [INFO] 下载进度: 41.0%
2026-05-03 20:45:55,373 [INFO] 下载进度: 46.1%
2026-05-03 20:45:55,377 [INFO] 下载进度: 51.2%
2026-05-03 20:45:55,381 [INFO] 下载进度: 56.3%
2026-05-03 20:45:55,385 [INFO] 下载进度: 61.5%
2026-05-03 20:45:55,389 [INFO] 下载进度: 66.6%
2026-05-03 20:45:55,393 [INFO] 下载进度: 71.7%
2026-05-03 20:45:55,397 [INFO] 下载进度: 76.8%
2026-05-03 20:45:55,402 [INFO] 下载进度: 81.9%
2026-05-03 20:45:55,404 [INFO] 下载进度: 87.1%
2026-05-03 20:45:55,408 [INFO] 下载进度: 92.2%
2026-05-03 20:45:55,411 [INFO] 下载进度: 97.3%
2026-05-03 20:45:55,413 [INFO] MD5 校验通过: fe928643703bc3c8cb0d4164ca78447a
2026-05-03 20:45:55,415 [INFO] 下载完成: E:\AI\cursor\appdeploy\tmp\testAppExe.zip (20475636 bytes)
2026-05-03 20:45:55,415 [INFO] 停止所有应用...
2026-05-03 20:45:55,415 [INFO] 停止应用 [主程序]: myqtapp.exe
2026-05-03 20:45:55,651 [INFO] 已发送停止命令: myqtapp.exe
2026-05-03 20:45:55,651 [INFO] 停止应用 [辅助工具]: helper.exe
2026-05-03 20:45:55,868 [INFO] 已发送停止命令: helper.exe
2026-05-03 20:45:57,869 [INFO] 解压新版本...
2026-05-03 20:45:57,869 [INFO] 解压: E:\AI\cursor\appdeploy\tmp\testAppExe.zip -> C:\QtProgram
2026-05-03 20:45:58,217 [INFO] 解压完成
2026-05-03 20:45:58,218 [INFO] 启动所有应用...
2026-05-03 20:45:58,218 [WARNING] 可执行文件不存在，跳过: C:\QtProgram\myqtapp.exe
2026-05-03 20:45:58,218 [WARNING] 可执行文件不存在，跳过: C:\QtProgram\helper.exe
2026-05-03 20:45:58,218 [INFO] 部署成功！版本: v20260503_204543
2026-05-03 20:45:58,229 [INFO] 结果已上报: 06a5829cb583 -> success
2026-05-03 20:46:57,997 [INFO] 客户端已停止
2026-05-03 20:46:59,226 [INFO] =======================================================
2026-05-03 20:46:59,226 [INFO] Qt 部署客户端启动
2026-05-03 20:46:59,227 [INFO] 平台: windows
2026-05-03 20:46:59,227 [INFO] 客户端ID: 1b90cad5bf25
2026-05-03 20:46:59,227 [INFO] 本机IP: 192.168.3.18
2026-05-03 20:46:59,227 [INFO] 主机名: DESKTOP-DFRT1AI
2026-05-03 20:46:59,227 [INFO] 服务端: http://127.0.0.1:61234
2026-05-03 20:46:59,227 [INFO] 安装路径: C:\QtProgram
2026-05-03 20:46:59,227 [INFO] 管理应用: 主程序, 辅助工具
2026-05-03 20:46:59,227 [INFO] =======================================================
2026-05-03 20:46:59,227 [INFO] 正在测试服务端连接...
2026-05-03 20:46:59,282 [INFO] 服务端连接成功，版本包应用数: 2
2026-05-03 20:46:59,282 [INFO] 开始轮询任务，间隔 10 秒
2026-05-03 20:47:19,293 [INFO] 收到部署任务: 7dba753ce478
2026-05-03 20:47:19,293 [INFO] 开始部署任务 7dba753ce478, 版本 v20260503_204543, 应用数: 2
2026-05-03 20:47:19,294 [INFO] [尝试 1/3] 下载安装包...
2026-05-03 20:47:19,294 [INFO] 下载: /api/download/windows/v20260503_204543/testAppExe.zip -> E:\AI\cursor\appdeploy\tmp\testAppExe.zip
2026-05-03 20:47:19,300 [INFO] 下载进度: 5.1%
2026-05-03 20:47:19,304 [INFO] 下载进度: 10.2%
2026-05-03 20:47:19,307 [INFO] 下载进度: 15.4%
2026-05-03 20:47:19,309 [INFO] 下载进度: 20.5%
2026-05-03 20:47:19,313 [INFO] 下载进度: 25.6%
2026-05-03 20:47:19,316 [INFO] 下载进度: 30.7%
2026-05-03 20:47:19,320 [INFO] 下载进度: 35.8%
2026-05-03 20:47:19,322 [INFO] 下载进度: 41.0%
2026-05-03 20:47:19,326 [INFO] 下载进度: 46.1%
2026-05-03 20:47:19,329 [INFO] 下载进度: 51.2%
2026-05-03 20:47:19,332 [INFO] 下载进度: 56.3%
2026-05-03 20:47:19,335 [INFO] 下载进度: 61.5%
2026-05-03 20:47:19,338 [INFO] 下载进度: 66.6%
2026-05-03 20:47:19,341 [INFO] 下载进度: 71.7%
2026-05-03 20:47:19,344 [INFO] 下载进度: 76.8%
2026-05-03 20:47:19,348 [INFO] 下载进度: 81.9%
2026-05-03 20:47:19,351 [INFO] 下载进度: 87.1%
2026-05-03 20:47:19,354 [INFO] 下载进度: 92.2%
2026-05-03 20:47:19,358 [INFO] 下载进度: 97.3%
2026-05-03 20:47:19,359 [INFO] MD5 校验通过: fe928643703bc3c8cb0d4164ca78447a
2026-05-03 20:47:19,360 [INFO] 下载完成: E:\AI\cursor\appdeploy\tmp\testAppExe.zip (20475636 bytes)
2026-05-03 20:47:19,360 [INFO] 停止所有应用...
2026-05-03 20:47:19,360 [INFO] 停止应用 [主程序]: testApp.exe
2026-05-03 20:47:19,580 [INFO] 已发送停止命令: testApp.exe
2026-05-03 20:47:19,580 [INFO] 停止应用 [辅助工具]: helper.exe
2026-05-03 20:47:19,800 [INFO] 已发送停止命令: helper.exe
2026-05-03 20:47:21,801 [INFO] 解压新版本...
2026-05-03 20:47:21,801 [INFO] 解压: E:\AI\cursor\appdeploy\tmp\testAppExe.zip -> C:\QtProgram
2026-05-03 20:47:22,162 [INFO] 解压完成
2026-05-03 20:47:22,163 [INFO] 启动所有应用...
2026-05-03 20:47:22,163 [WARNING] 可执行文件不存在，跳过: C:\QtProgram\testApp.exe
2026-05-03 20:47:22,163 [WARNING] 可执行文件不存在，跳过: C:\QtProgram\helper.exe
2026-05-03 20:47:22,163 [INFO] 部署成功！版本: v20260503_204543
2026-05-03 20:47:22,174 [INFO] 结果已上报: 7dba753ce478 -> success
2026-05-03 20:47:39,300 [INFO] 收到部署任务: 20726d582f90
2026-05-03 20:47:39,301 [INFO] 开始部署任务 20726d582f90, 版本 v20260503_204543, 应用数: 2
2026-05-03 20:47:39,301 [INFO] [尝试 1/3] 下载安装包...
2026-05-03 20:47:39,302 [INFO] 下载: /api/download/windows/v20260503_204543/testAppExe.zip -> E:\AI\cursor\appdeploy\tmp\testAppExe.zip
2026-05-03 20:47:39,307 [INFO] 下载进度: 5.1%
2026-05-03 20:47:39,310 [INFO] 下载进度: 10.2%
2026-05-03 20:47:39,314 [INFO] 下载进度: 15.4%
2026-05-03 20:47:39,317 [INFO] 下载进度: 20.5%
2026-05-03 20:47:39,320 [INFO] 下载进度: 25.6%
2026-05-03 20:47:39,322 [INFO] 下载进度: 30.7%
2026-05-03 20:47:39,327 [INFO] 下载进度: 35.8%
2026-05-03 20:47:39,330 [INFO] 下载进度: 41.0%
2026-05-03 20:47:39,333 [INFO] 下载进度: 46.1%
2026-05-03 20:47:39,336 [INFO] 下载进度: 51.2%
2026-05-03 20:47:39,339 [INFO] 下载进度: 56.3%
2026-05-03 20:47:39,343 [INFO] 下载进度: 61.5%
2026-05-03 20:47:39,346 [INFO] 下载进度: 66.6%
2026-05-03 20:47:39,349 [INFO] 下载进度: 71.7%
2026-05-03 20:47:39,352 [INFO] 下载进度: 76.8%
2026-05-03 20:47:39,355 [INFO] 下载进度: 81.9%
2026-05-03 20:47:39,358 [INFO] 下载进度: 87.1%
2026-05-03 20:47:39,361 [INFO] 下载进度: 92.2%
2026-05-03 20:47:39,365 [INFO] 下载进度: 97.3%
2026-05-03 20:47:39,367 [INFO] MD5 校验通过: fe928643703bc3c8cb0d4164ca78447a
2026-05-03 20:47:39,367 [INFO] 下载完成: E:\AI\cursor\appdeploy\tmp\testAppExe.zip (20475636 bytes)
2026-05-03 20:47:39,367 [INFO] 停止所有应用...
2026-05-03 20:47:39,367 [INFO] 停止应用 [主程序]: testApp.exe
2026-05-03 20:47:39,588 [INFO] 已发送停止命令: testApp.exe
2026-05-03 20:47:39,588 [INFO] 停止应用 [辅助工具]: helper.exe
2026-05-03 20:47:39,812 [INFO] 已发送停止命令: helper.exe
2026-05-03 20:47:41,813 [INFO] 解压新版本...
2026-05-03 20:47:41,813 [INFO] 解压: E:\AI\cursor\appdeploy\tmp\testAppExe.zip -> C:\QtProgram
2026-05-03 20:47:42,155 [INFO] 解压完成
2026-05-03 20:47:42,156 [INFO] 启动所有应用...
2026-05-03 20:47:42,156 [WARNING] 可执行文件不存在，跳过: C:\QtProgram\testApp.exe
2026-05-03 20:47:42,156 [WARNING] 可执行文件不存在，跳过: C:\QtProgram\helper.exe
2026-05-03 20:47:42,156 [INFO] 部署成功！版本: v20260503_204543
2026-05-03 20:47:42,167 [INFO] 结果已上报: 20726d582f90 -> success
2026-05-03 21:45:49,908 [INFO] 客户端已停止
2026-05-03 21:46:00,812 [INFO] =======================================================
2026-05-03 21:46:00,812 [INFO] Qt 部署客户端启动
2026-05-03 21:46:00,812 [INFO] 平台: windows
2026-05-03 21:46:00,813 [INFO] 客户端ID: 1b90cad5bf25
2026-05-03 21:46:00,813 [INFO] 本机IP: 192.168.3.18
2026-05-03 21:46:00,813 [INFO] 主机名: DESKTOP-DFRT1AI
2026-05-03 21:46:00,813 [INFO] 服务端: http://127.0.0.1:61234
2026-05-03 21:46:00,813 [INFO] 安装路径: C:\QtProgram
2026-05-03 21:46:00,813 [INFO] 管理应用: 主程序, 辅助工具
2026-05-03 21:46:00,813 [INFO] =======================================================
2026-05-03 21:46:00,813 [INFO] 正在测试服务端连接...
2026-05-03 21:46:00,866 [INFO] 服务端连接成功，版本包应用数: 2
2026-05-03 21:46:00,866 [INFO] 开始轮询任务，间隔 10 秒
2026-05-03 22:34:14,468 [ERROR] 连接失败: /api/poll/1b90cad5bf25 - [WinError 10061] 由于目标计算机积极拒绝，无法连接。
2026-05-03 22:34:26,516 [ERROR] 连接失败: /api/poll/1b90cad5bf25 - [WinError 10061] 由于目标计算机积极拒绝，无法连接。
2026-05-03 22:34:33,998 [ERROR] 连接失败: /api/heartbeat - [WinError 10061] 由于目标计算机积极拒绝，无法连接。
2026-05-03 22:34:33,998 [WARNING] 心跳失败: <urlopen error [WinError 10061] 由于目标计算机积极拒绝，无法连接。>
2026-05-03 22:34:38,546 [ERROR] 连接失败: /api/poll/1b90cad5bf25 - [WinError 10061] 由于目标计算机积极拒绝，无法连接。
2026-05-03 22:34:50,600 [ERROR] 连接失败: /api/poll/1b90cad5bf25 - [WinError 10061] 由于目标计算机积极拒绝，无法连接。
2026-05-03 22:35:02,637 [ERROR] 连接失败: /api/poll/1b90cad5bf25 - [WinError 10061] 由于目标计算机积极拒绝，无法连接。
2026-05-03 22:35:06,039 [ERROR] 连接失败: /api/heartbeat - [WinError 10061] 由于目标计算机积极拒绝，无法连接。
2026-05-03 22:35:06,039 [WARNING] 心跳失败: <urlopen error [WinError 10061] 由于目标计算机积极拒绝，无法连接。>
2026-05-03 22:35:14,673 [ERROR] 连接失败: /api/poll/1b90cad5bf25 - [WinError 10061] 由于目标计算机积极拒绝，无法连接。
2026-05-03 22:35:26,708 [ERROR] 连接失败: /api/poll/1b90cad5bf25 - [WinError 10061] 由于目标计算机积极拒绝，无法连接。
2026-05-03 22:35:38,057 [ERROR] 连接失败: /api/heartbeat - [WinError 10061] 由于目标计算机积极拒绝，无法连接。
2026-05-03 22:35:38,058 [WARNING] 心跳失败: <urlopen error [WinError 10061] 由于目标计算机积极拒绝，无法连接。>
2026-05-03 22:35:38,748 [ERROR] 连接失败: /api/poll/1b90cad5bf25 - [WinError 10061] 由于目标计算机积极拒绝，无法连接。
2026-05-03 22:35:50,783 [ERROR] 连接失败: /api/poll/1b90cad5bf25 - [WinError 10061] 由于目标计算机积极拒绝，无法连接。
2026-05-03 22:36:02,819 [INFO] 客户端已停止
2026-05-03 22:39:11,344 [INFO] =======================================================
2026-05-03 22:39:11,344 [INFO] 软件部署客户端启动
2026-05-03 22:39:11,344 [INFO] 平台: windows
2026-05-03 22:39:11,345 [INFO] 客户端ID: 1b90cad5bf25
2026-05-03 22:39:11,345 [INFO] 本机IP: 192.168.3.18
2026-05-03 22:39:11,345 [INFO] 主机名: DESKTOP-DFRT1AI
2026-05-03 22:39:11,345 [INFO] 服务端: http://127.0.0.1:61234
2026-05-03 22:39:11,345 [INFO] 安装路径: C:\QtProgram
2026-05-03 22:39:11,346 [INFO] 管理应用: 主程序, 辅助工具
2026-05-03 22:39:11,346 [INFO] =======================================================
2026-05-03 22:39:11,346 [INFO] 正在测试服务端连接...
2026-05-03 22:39:11,409 [INFO] 服务端连接成功，版本包应用数: 2
2026-05-03 22:39:11,409 [INFO] 开始轮询任务，间隔 10 秒
2026-05-03 22:40:31,454 [ERROR] HTTP 500: /api/poll/1b90cad5bf25 - {"error":"'sqlite3.Row' object has no attribute 'get'"}

2026-05-03 22:40:41,460 [ERROR] HTTP 500: /api/poll/1b90cad5bf25 - {"error":"'sqlite3.Row' object has no attribute 'get'"}

2026-05-03 22:40:51,466 [ERROR] HTTP 500: /api/poll/1b90cad5bf25 - {"error":"'sqlite3.Row' object has no attribute 'get'"}

2026-05-03 22:40:59,876 [INFO] 客户端已停止
2026-05-03 22:52:35,582 [INFO] =======================================================
2026-05-03 22:52:35,583 [INFO] 软件部署客户端启动
2026-05-03 22:52:35,583 [INFO] 平台: windows
2026-05-03 22:52:35,583 [INFO] 客户端ID: 1b90cad5bf25
2026-05-03 22:52:35,583 [INFO] 本机IP: 192.168.3.18
2026-05-03 22:52:35,583 [INFO] 主机名: DESKTOP-DFRT1AI
2026-05-03 22:52:35,583 [INFO] 服务端: http://127.0.0.1:61234
2026-05-03 22:52:35,583 [INFO] 安装路径: C:\QtProgram
2026-05-03 22:52:35,583 [INFO] 管理应用: 主程序, 辅助工具
2026-05-03 22:52:35,583 [INFO] =======================================================
2026-05-03 22:52:35,583 [INFO] 正在测试服务端连接...
2026-05-03 22:52:37,685 [ERROR] 连接失败: /api/config - [WinError 10061] 由于目标计算机积极拒绝，无法连接。
2026-05-03 22:52:37,685 [ERROR] 无法连接服务端 http://127.0.0.1:61234: <urlopen error [WinError 10061] 由于目标计算机积极拒绝，无法连接。>
2026-05-03 22:52:37,685 [ERROR] 请检查: 1) 服务端是否启动  2) IP和端口是否正确  3) 防火墙是否放行 http://127.0.0.1:61234
2026-05-03 22:52:37,686 [INFO] 开始轮询任务，间隔 10 秒
2026-05-03 22:52:38,722 [INFO] 收到部署任务: 08dc71191332
2026-05-03 22:52:38,722 [INFO] 开始部署任务 08dc71191332, 版本 v20260503_204543, 应用数: 2, 包类型: full
2026-05-03 22:52:38,724 [INFO] [尝试 1/3] 下载安装包...
2026-05-03 22:52:38,725 [INFO] 下载: /api/download/windows/v20260503_204543/testAppExe.zip -> E:\AI\cursor\appdeploy\tmp\testAppExe.zip
2026-05-03 22:52:38,764 [INFO] 下载进度: 5.1% (1/19 MB)
2026-05-03 22:52:38,770 [INFO] 下载进度: 10.2% (2/19 MB)
2026-05-03 22:52:38,775 [INFO] 下载进度: 15.4% (3/19 MB)
2026-05-03 22:52:38,779 [INFO] 下载进度: 20.5% (4/19 MB)
2026-05-03 22:52:38,782 [INFO] 下载进度: 25.6% (5/19 MB)
2026-05-03 22:52:38,784 [INFO] 下载进度: 30.7% (6/19 MB)
2026-05-03 22:52:38,788 [INFO] 下载进度: 35.8% (7/19 MB)
2026-05-03 22:52:38,791 [INFO] 下载进度: 41.0% (8/19 MB)
2026-05-03 22:52:38,794 [INFO] 下载进度: 46.1% (9/19 MB)
2026-05-03 22:52:38,798 [INFO] 下载进度: 51.2% (10/19 MB)
2026-05-03 22:52:38,801 [INFO] 下载进度: 56.3% (11/19 MB)
2026-05-03 22:52:38,804 [INFO] 下载进度: 61.5% (12/19 MB)
2026-05-03 22:52:38,813 [INFO] 下载进度: 66.6% (13/19 MB)
2026-05-03 22:52:38,817 [INFO] 下载进度: 71.7% (14/19 MB)
2026-05-03 22:52:38,820 [INFO] 下载进度: 76.8% (15/19 MB)
2026-05-03 22:52:38,844 [INFO] 下载进度: 81.9% (16/19 MB)
2026-05-03 22:52:38,860 [INFO] 下载进度: 87.1% (17/19 MB)
2026-05-03 22:52:38,863 [INFO] 下载进度: 92.2% (18/19 MB)
2026-05-03 22:52:38,866 [INFO] 下载进度: 97.3% (19/19 MB)
2026-05-03 22:52:38,868 [INFO] 下载进度: 100.0% (19/19 MB)
2026-05-03 22:52:38,869 [INFO] MD5 校验通过: fe928643703bc3c8cb0d4164ca78447a
2026-05-03 22:52:38,869 [INFO] 下载完成: E:\AI\cursor\appdeploy\tmp\testAppExe.zip (20475636 bytes)
2026-05-03 22:52:38,869 [INFO] 停止所有应用...
2026-05-03 22:52:38,870 [INFO] 停止应用 [主程序]: testApp.exe
2026-05-03 22:52:39,046 [INFO] 已发送停止命令: testApp.exe
2026-05-03 22:52:39,046 [INFO] 停止应用 [辅助工具]: helper.exe
2026-05-03 22:52:39,204 [INFO] 已发送停止命令: helper.exe
2026-05-03 22:52:41,204 [INFO] 解压新版本 (类型=full)...
2026-05-03 22:52:41,215 [INFO] 解压: E:\AI\cursor\appdeploy\tmp\testAppExe.zip -> C:\QtProgram (类型=full)
2026-05-03 22:52:41,215 [INFO] 全量模式: 删除安装目录 C:\QtProgram
2026-05-03 22:52:41,440 [INFO] 解压完成
2026-05-03 22:52:41,441 [INFO] 启动所有应用...
2026-05-03 22:52:41,441 [WARNING] 可执行文件不存在，跳过: C:\QtProgram\testApp.exe
2026-05-03 22:52:41,442 [WARNING] 可执行文件不存在，跳过: C:\QtProgram\helper.exe
2026-05-03 22:52:41,442 [INFO] 部署成功！版本: v20260503_204543
2026-05-03 22:52:41,470 [INFO] 结果已上报: 08dc71191332 -> success
2026-05-03 22:52:58,730 [INFO] 收到部署任务: 604ec7ec986b
2026-05-03 22:52:58,730 [INFO] 开始部署任务 604ec7ec986b, 版本 v20260503_204543, 应用数: 2, 包类型: full
2026-05-03 22:52:58,732 [INFO] [尝试 1/3] 下载安装包...
2026-05-03 22:52:58,757 [INFO] 下载: /api/download/windows/v20260503_204543/testAppExe.zip -> E:\AI\cursor\appdeploy\tmp\testAppExe.zip
2026-05-03 22:52:58,765 [INFO] 下载进度: 5.1% (1/19 MB)
2026-05-03 22:52:58,772 [INFO] 下载进度: 10.2% (2/19 MB)
2026-05-03 22:52:58,778 [INFO] 下载进度: 15.4% (3/19 MB)
2026-05-03 22:52:58,784 [INFO] 下载进度: 20.5% (4/19 MB)
2026-05-03 22:52:58,789 [INFO] 下载进度: 25.6% (5/19 MB)
2026-05-03 22:52:58,794 [INFO] 下载进度: 30.7% (6/19 MB)
2026-05-03 22:52:58,799 [INFO] 下载进度: 35.8% (7/19 MB)
2026-05-03 22:52:58,805 [INFO] 下载进度: 41.0% (8/19 MB)
2026-05-03 22:52:58,811 [INFO] 下载进度: 46.1% (9/19 MB)
2026-05-03 22:52:58,815 [INFO] 下载进度: 51.2% (10/19 MB)
2026-05-03 22:52:58,821 [INFO] 下载进度: 56.3% (11/19 MB)
2026-05-03 22:52:58,826 [INFO] 下载进度: 61.5% (12/19 MB)
2026-05-03 22:52:58,831 [INFO] 下载进度: 66.6% (13/19 MB)
2026-05-03 22:52:58,837 [INFO] 下载进度: 71.7% (14/19 MB)
2026-05-03 22:52:58,842 [INFO] 下载进度: 76.8% (15/19 MB)
2026-05-03 22:52:58,870 [INFO] 下载进度: 81.9% (16/19 MB)
2026-05-03 22:52:58,876 [INFO] 下载进度: 87.1% (17/19 MB)
2026-05-03 22:52:58,881 [INFO] 下载进度: 92.2% (18/19 MB)
2026-05-03 22:52:58,887 [INFO] 下载进度: 97.3% (19/19 MB)
2026-05-03 22:52:58,889 [INFO] 下载进度: 100.0% (19/19 MB)
2026-05-03 22:52:58,891 [INFO] MD5 校验通过: fe928643703bc3c8cb0d4164ca78447a
2026-05-03 22:52:58,891 [INFO] 下载完成: E:\AI\cursor\appdeploy\tmp\testAppExe.zip (20475636 bytes)
2026-05-03 22:52:58,892 [INFO] 停止所有应用...
2026-05-03 22:52:58,911 [INFO] 停止应用 [主程序]: testApp.exe
2026-05-03 22:52:59,072 [INFO] 已发送停止命令: testApp.exe
2026-05-03 22:52:59,072 [INFO] 停止应用 [辅助工具]: helper.exe
2026-05-03 22:52:59,234 [INFO] 已发送停止命令: helper.exe
2026-05-03 22:53:01,235 [INFO] 解压新版本 (类型=full)...
2026-05-03 22:53:01,237 [INFO] 解压: E:\AI\cursor\appdeploy\tmp\testAppExe.zip -> C:\QtProgram (类型=full)
2026-05-03 22:53:01,238 [INFO] 全量模式: 删除安装目录 C:\QtProgram
2026-05-03 22:53:01,571 [INFO] 解压完成
2026-05-03 22:53:01,574 [INFO] 启动所有应用...
2026-05-03 22:53:01,574 [WARNING] 可执行文件不存在，跳过: C:\QtProgram\testApp.exe
2026-05-03 22:53:01,574 [WARNING] 可执行文件不存在，跳过: C:\QtProgram\helper.exe
2026-05-03 22:53:01,574 [INFO] 部署成功！版本: v20260503_204543
2026-05-03 22:53:01,596 [INFO] 结果已上报: 604ec7ec986b -> success
2026-05-03 22:53:41,975 [INFO] 客户端已停止
2026-05-03 23:54:56,762 [INFO] =======================================================
2026-05-03 23:54:56,762 [INFO] 软件部署客户端启动
2026-05-03 23:54:56,762 [INFO] 平台: windows
2026-05-03 23:54:56,762 [INFO] 客户端ID: 1b90cad5bf25
2026-05-03 23:54:56,762 [INFO] 本机IP: 192.168.3.18
2026-05-03 23:54:56,762 [INFO] 主机名: DESKTOP-DFRT1AI
2026-05-03 23:54:56,762 [INFO] 服务端: http://127.0.0.1:61234
2026-05-03 23:54:56,762 [INFO] 安装路径: C:\QtProgram
2026-05-03 23:54:56,762 [INFO] 管理应用: 主程序, 辅助工具
2026-05-03 23:54:56,762 [INFO] =======================================================
2026-05-03 23:54:56,763 [INFO] 正在测试服务端连接...
2026-05-03 23:54:56,822 [INFO] 服务端连接成功，版本包应用数: 2
2026-05-03 23:54:56,822 [INFO] 开始轮询任务，间隔 10 秒
